{"level":"ERROR","time":"2022-04-04T18:56:51.188+0800","caller":"mysql/mysql.go:24","msg":"connect DB failed","error":"Error 1049: Unknown database 'bluebell'"}
{"level":"INFO","time":"2022-04-04T18:57:29.219+0800","caller":"logger/logger.go:69","msg":"/signup","status":404,"method":"GET","path":"/signup","query":"","ip":"::1","user-agent":"PostmanRuntime/7.28.4","errors":"","cost":0}
{"level":"INFO","time":"2022-04-04T18:57:43.896+0800","caller":"logger/logger.go:69","msg":"/","status":200,"method":"GET","path":"/","query":"","ip":"::1","user-agent":"PostmanRuntime/7.28.4","errors":"","cost":0}
{"level":"INFO","time":"2022-04-04T18:58:04.672+0800","caller":"logger/logger.go:69","msg":"/signup","status":200,"method":"POST","path":"/signup","query":"","ip":"::1","user-agent":"PostmanRuntime/7.28.4","errors":"","cost":0.0010009}
{"level":"INFO","time":"2022-04-04T18:58:39.672+0800","caller":"logger/logger.go:69","msg":"/signup","status":200,"method":"POST","path":"/signup","query":"","ip":"::1","user-agent":"PostmanRuntime/7.28.4","errors":"","cost":0}
{"level":"INFO","time":"2022-04-04T19:13:54.552+0800","caller":"bluebell/main.go:66","msg":"Shutdown Server ..."}
{"level":"INFO","time":"2022-04-04T19:13:54.552+0800","caller":"bluebell/main.go:75","msg":"Server exiting"}
{"level":"ERROR","time":"2022-04-04T19:13:57.047+0800","caller":"mysql/mysql.go:24","msg":"connect DB failed","error":"Error 1049: Unknown database 'bluebell'"}
{"level":"INFO","time":"2022-04-04T19:14:01.086+0800","caller":"logger/logger.go:69","msg":"/signup","status":200,"method":"POST","path":"/signup","query":"","ip":"::1","user-agent":"PostmanRuntime/7.28.4","errors":"","cost":0.0010005}
{"level":"ERROR","time":"2022-04-04T19:14:08.281+0800","caller":"controllers/user.go:18","msg":"SignUp with invalid param","error":"Key: 'RegisterForm.ConfirmPassword' Error:Field validation for 'ConfirmPassword' failed on the 'required' tag"}
{"level":"INFO","time":"2022-04-04T19:14:08.281+0800","caller":"logger/logger.go:69","msg":"/signup","status":200,"method":"POST","path":"/signup","query":"","ip":"::1","user-agent":"PostmanRuntime/7.28.4","errors":"","cost":0}
{"level":"ERROR","time":"2022-04-04T19:14:55.750+0800","caller":"controllers/user.go:18","msg":"SignUp with invalid param","error":"Key: 'RegisterForm.ConfirmPassword' Error:Field validation for 'ConfirmPassword' failed on the 'required' tag"}
{"level":"INFO","time":"2022-04-04T19:14:55.750+0800","caller":"logger/logger.go:69","msg":"/signup","status":200,"method":"POST","path":"/signup","query":"","ip":"::1","user-agent":"PostmanRuntime/7.28.4","errors":"","cost":0}
{"level":"INFO","time":"2022-04-04T19:29:43.942+0800","caller":"bluebell/main.go:66","msg":"Shutdown Server ..."}
{"level":"INFO","time":"2022-04-04T19:29:43.943+0800","caller":"bluebell/main.go:75","msg":"Server exiting"}
{"level":"ERROR","time":"2022-04-04T19:29:46.600+0800","caller":"mysql/mysql.go:24","msg":"connect DB failed","error":"Error 1049: Unknown database 'bluebell'"}
{"level":"ERROR","time":"2022-04-04T19:33:23.293+0800","caller":"mysql/mysql.go:24","msg":"connect DB failed","error":"Error 1049: Unknown database 'bluebell'"}
{"level":"ERROR","time":"2022-04-04T19:33:55.048+0800","caller":"mysql/mysql.go:24","msg":"connect DB failed","error":"Error 1049: Unknown database 'bluebell'"}
{"level":"ERROR","time":"2022-04-04T19:33:59.947+0800","caller":"controllers/user.go:18","msg":"SignUp with invalid param","error":"Key: 'RegisterForm.ConfirmPassword' Error:Field validation for 'ConfirmPassword' failed on the 'required' tag"}
{"level":"INFO","time":"2022-04-04T19:33:59.947+0800","caller":"logger/logger.go:69","msg":"/signup","status":200,"method":"POST","path":"/signup","query":"","ip":"::1","user-agent":"PostmanRuntime/7.28.4","errors":"","cost":0.0010001}
{"level":"ERROR","time":"2022-04-04T19:34:16.836+0800","caller":"mysql/mysql.go:24","msg":"connect DB failed","error":"Error 1049: Unknown database 'bluebell'"}
{"level":"ERROR","time":"2022-04-04T19:34:18.491+0800","caller":"controllers/user.go:18","msg":"SignUp with invalid param","error":"Key: 'RegisterForm.ConfirmPassword' Error:Field validation for 'ConfirmPassword' failed on the 'required' tag"}
{"level":"INFO","time":"2022-04-04T19:34:18.492+0800","caller":"logger/logger.go:69","msg":"/signup","status":200,"method":"POST","path":"/signup","query":"","ip":"::1","user-agent":"PostmanRuntime/7.28.4","errors":"","cost":0.0010002}
{"level":"ERROR","time":"2022-04-04T19:36:20.234+0800","caller":"mysql/mysql.go:24","msg":"connect DB failed","error":"Error 1049: Unknown database 'bluebell'"}
{"level":"ERROR","time":"2022-04-04T19:38:06.768+0800","caller":"controllers/user.go:19","msg":"SignUp with invalid param","error":"Key: 'RegisterForm.ConfirmPassword' Error:Field validation for 'ConfirmPassword' failed on the 'required' tag"}
{"level":"INFO","time":"2022-04-04T19:38:06.769+0800","caller":"logger/logger.go:69","msg":"/signup","status":200,"method":"POST","path":"/signup","query":"","ip":"::1","user-agent":"PostmanRuntime/7.28.4","errors":"","cost":0.0010006}
{"level":"ERROR","time":"2022-04-04T19:42:22.996+0800","caller":"controllers/user.go:19","msg":"SignUp with invalid param","error":"Key: 'RegisterForm.confirm_password' Error:Field validation for 'confirm_password' failed on the 'required' tag"}
{"level":"INFO","time":"2022-04-04T19:42:22.996+0800","caller":"logger/logger.go:69","msg":"/signup","status":200,"method":"POST","path":"/signup","query":"","ip":"::1","user-agent":"PostmanRuntime/7.28.4","errors":"","cost":0.0010007}
{"level":"ERROR","time":"2022-04-04T19:42:25.024+0800","caller":"controllers/user.go:19","msg":"SignUp with invalid param","error":"Key: 'RegisterForm.confirm_password' Error:Field validation for 'confirm_password' failed on the 'required' tag"}
{"level":"INFO","time":"2022-04-04T19:42:25.024+0800","caller":"logger/logger.go:69","msg":"/signup","status":200,"method":"POST","path":"/signup","query":"","ip":"::1","user-agent":"PostmanRuntime/7.28.4","errors":"","cost":0}
{"level":"ERROR","time":"2022-04-04T19:43:00.729+0800","caller":"controllers/user.go:19","msg":"SignUp with invalid param","error":"Key: 'RegisterForm.confirm_password' Error:Field validation for 'confirm_password' failed on the 'required' tag"}
{"level":"INFO","time":"2022-04-04T19:43:00.730+0800","caller":"logger/logger.go:69","msg":"/signup","status":200,"method":"POST","path":"/signup","query":"","ip":"::1","user-agent":"PostmanRuntime/7.28.4","errors":"","cost":0.0010005}
{"level":"ERROR","time":"2022-04-04T19:44:58.955+0800","caller":"controllers/user.go:19","msg":"SignUp with invalid param","error":"Key: 'RegisterForm.confirm_password' Error:Field validation for 'confirm_password' failed on the 'eqfield' tag"}
{"level":"INFO","time":"2022-04-04T19:44:58.956+0800","caller":"logger/logger.go:69","msg":"/signup","status":200,"method":"POST","path":"/signup","query":"","ip":"::1","user-agent":"PostmanRuntime/7.28.4","errors":"","cost":0.0009998}
{"level":"ERROR","time":"2022-04-04T20:53:36.811+0800","caller":"controllers/user.go:19","msg":"SignUp with invalid param","error":"Key: 'RegisterForm.confirm_password' Error:Field validation for 'confirm_password' failed on the 'eqfield' tag"}
{"level":"INFO","time":"2022-04-04T20:53:36.811+0800","caller":"logger/logger.go:69","msg":"/signup","status":200,"method":"POST","path":"/signup","query":"","ip":"::1","user-agent":"PostmanRuntime/7.28.4","errors":"","cost":0}
{"level":"INFO","time":"2022-04-04T20:53:40.971+0800","caller":"logger/logger.go:69","msg":"/signup","status":200,"method":"POST","path":"/signup","query":"","ip":"::1","user-agent":"PostmanRuntime/7.28.4","errors":"","cost":0.0709724}
{"level":"INFO","time":"2022-04-04T20:54:12.021+0800","caller":"logger/logger.go:69","msg":"/signup","status":200,"method":"POST","path":"/signup","query":"","ip":"::1","user-agent":"PostmanRuntime/7.28.4","errors":"","cost":0.0350115}
{"level":"INFO","time":"2022-04-04T20:54:29.954+0800","caller":"logger/logger.go:69","msg":"/signup","status":200,"method":"POST","path":"/signup","query":"","ip":"::1","user-agent":"PostmanRuntime/7.28.4","errors":"","cost":0.0412974}
{"level":"INFO","time":"2022-04-04T20:57:48.855+0800","caller":"logger/logger.go:69","msg":"/signup","status":200,"method":"POST","path":"/signup","query":"","ip":"::1","user-agent":"PostmanRuntime/7.28.4","errors":"","cost":0.0391199}
{"level":"INFO","time":"2022-04-04T20:58:19.714+0800","caller":"logger/logger.go:69","msg":"/signup","status":200,"method":"POST","path":"/signup","query":"","ip":"::1","user-agent":"PostmanRuntime/7.28.4","errors":"","cost":0.0385131}
{"level":"INFO","time":"2022-04-04T21:45:08.971+0800","caller":"logger/logger.go:82","msg":"/signup","status":200,"method":"POST","path":"/signup","query":"","ip":"::1","user-agent":"PostmanRuntime/7.28.4","errors":"","cost":0.0467568}
{"level":"INFO","time":"2022-04-04T21:48:19.320+0800","caller":"logger/logger.go:82","msg":"/signup","status":200,"method":"POST","path":"/signup","query":"","ip":"::1","user-agent":"PostmanRuntime/7.28.4","errors":"","cost":0.0342851}
{"level":"INFO","time":"2022-04-04T22:26:22.615+0800","caller":"logger/logger.go:82","msg":"/signup","status":200,"method":"POST","path":"/signup","query":"","ip":"::1","user-agent":"PostmanRuntime/7.28.4","errors":"","cost":0.0384076}
{"level":"INFO","time":"2022-04-04T22:27:07.323+0800","caller":"logger/logger.go:82","msg":"/login","status":200,"method":"POST","path":"/login","query":"","ip":"::1","user-agent":"PostmanRuntime/7.28.4","errors":"","cost":0.0380116}
{"level":"ERROR","time":"2022-04-04T22:27:10.306+0800","caller":"controllers/user.go:76","msg":"logic.Login failed","error":"用户名或密码错误"}
{"level":"INFO","time":"2022-04-04T22:27:10.307+0800","caller":"logger/logger.go:82","msg":"/login","status":200,"method":"POST","path":"/login","query":"","ip":"::1","user-agent":"PostmanRuntime/7.28.4","errors":"","cost":0.0380091}
{"level":"ERROR","time":"2022-04-04T22:27:28.773+0800","caller":"controllers/user.go:76","msg":"logic.Login failed","error":"用户名或密码错误"}
{"level":"INFO","time":"2022-04-04T22:27:28.774+0800","caller":"logger/logger.go:82","msg":"/login","status":200,"method":"POST","path":"/login","query":"","ip":"::1","user-agent":"PostmanRuntime/7.28.4","errors":"","cost":0.0380024}
{"level":"ERROR","time":"2022-04-04T22:29:27.333+0800","caller":"controllers/user.go:76","msg":"logic.Login failed","error":"用户名或密码错误"}
{"level":"INFO","time":"2022-04-04T22:29:27.334+0800","caller":"logger/logger.go:82","msg":"/login","status":200,"method":"POST","path":"/login","query":"","ip":"::1","user-agent":"PostmanRuntime/7.28.4","errors":"","cost":0.0466177}
{"level":"ERROR","time":"2022-04-04T22:29:30.429+0800","caller":"controllers/user.go:76","msg":"logic.Login failed","error":"sql: no rows in result set"}
{"level":"INFO","time":"2022-04-04T22:29:30.429+0800","caller":"logger/logger.go:82","msg":"/login","status":200,"method":"POST","path":"/login","query":"","ip":"::1","user-agent":"PostmanRuntime/7.28.4","errors":"","cost":0.0449701}
{"level":"ERROR","time":"2022-04-04T22:30:11.961+0800","caller":"controllers/user.go:76","msg":"logic.Login failed","error":"用户不存在"}
{"level":"INFO","time":"2022-04-04T22:30:11.962+0800","caller":"logger/logger.go:82","msg":"/login","status":200,"method":"POST","path":"/login","query":"","ip":"::1","user-agent":"PostmanRuntime/7.28.4","errors":"","cost":0.0360086}
{"level":"ERROR","time":"2022-04-05T14:03:12.034+0800","caller":"controllers/user.go:71","msg":"logic.Login failed","error":"用户名或密码错误"}
{"level":"INFO","time":"2022-04-05T14:03:12.035+0800","caller":"logger/logger.go:82","msg":"/login","status":200,"method":"POST","path":"/login","query":"","ip":"::1","user-agent":"PostmanRuntime/7.28.4","errors":"","cost":0.0430104}
{"level":"INFO","time":"2022-04-05T14:04:10.639+0800","caller":"logger/logger.go:82","msg":"/login","status":200,"method":"POST","path":"/login","query":"","ip":"::1","user-agent":"PostmanRuntime/7.28.4","errors":"","cost":0.0400153}
{"level":"ERROR","time":"2022-04-05T14:04:22.883+0800","caller":"controllers/user.go:70","msg":"logic.Login failed","error":"用户名或密码错误"}
{"level":"INFO","time":"2022-04-05T14:04:22.884+0800","caller":"logger/logger.go:82","msg":"/login","status":200,"method":"POST","path":"/login","query":"","ip":"::1","user-agent":"PostmanRuntime/7.28.4","errors":"","cost":0.0390088}
{"level":"ERROR","time":"2022-04-05T14:04:26.035+0800","caller":"controllers/user.go:70","msg":"logic.Login failed","error":"用户不存在"}
{"level":"INFO","time":"2022-04-05T14:04:26.035+0800","caller":"logger/logger.go:82","msg":"/login","status":200,"method":"POST","path":"/login","query":"","ip":"::1","user-agent":"PostmanRuntime/7.28.4","errors":"","cost":0.0380165}
{"level":"INFO","time":"2022-04-05T14:06:05.680+0800","caller":"logger/logger.go:82","msg":"/login","status":200,"method":"POST","path":"/login","query":"","ip":"::1","user-agent":"PostmanRuntime/7.28.4","errors":"","cost":0.0370085}
{"level":"INFO","time":"2022-04-05T14:12:57.208+0800","caller":"logger/logger.go:82","msg":"/ping","status":404,"method":"POST","path":"/ping","query":"","ip":"::1","user-agent":"PostmanRuntime/7.28.4","errors":"","cost":0.0009995}
{"level":"INFO","time":"2022-04-05T14:13:26.251+0800","caller":"logger/logger.go:82","msg":"/ping","status":200,"method":"GET","path":"/ping","query":"","ip":"::1","user-agent":"PostmanRuntime/7.28.4","errors":"","cost":0}
{"level":"INFO","time":"2022-04-05T14:13:42.219+0800","caller":"logger/logger.go:82","msg":"/ping","status":200,"method":"GET","path":"/ping","query":"","ip":"::1","user-agent":"PostmanRuntime/7.28.4","errors":"","cost":0}
{"level":"INFO","time":"2022-04-05T14:17:51.729+0800","caller":"logger/logger.go:82","msg":"/ping","status":200,"method":"GET","path":"/ping","query":"","ip":"::1","user-agent":"PostmanRuntime/7.28.4","errors":"","cost":0.001}
{"level":"INFO","time":"2022-04-05T14:18:07.008+0800","caller":"logger/logger.go:82","msg":"/ping","status":200,"method":"GET","path":"/ping","query":"","ip":"::1","user-agent":"PostmanRuntime/7.28.4","errors":"","cost":0}
{"level":"INFO","time":"2022-04-05T14:19:27.528+0800","caller":"logger/logger.go:82","msg":"/ping","status":200,"method":"GET","path":"/ping","query":"","ip":"::1","user-agent":"PostmanRuntime/7.28.4","errors":"","cost":0}
{"level":"INFO","time":"2022-04-05T16:22:43.183+0800","caller":"logger/logger.go:82","msg":"/ping","status":200,"method":"GET","path":"/ping","query":"","ip":"::1","user-agent":"PostmanRuntime/7.28.4","errors":"","cost":0.0010002}
{"level":"INFO","time":"2022-04-05T16:22:51.662+0800","caller":"logger/logger.go:82","msg":"/login","status":200,"method":"POST","path":"/login","query":"","ip":"::1","user-agent":"PostmanRuntime/7.28.4","errors":"","cost":0.0350071}
{"level":"INFO","time":"2022-04-05T16:23:04.242+0800","caller":"logger/logger.go:82","msg":"/ping","status":200,"method":"GET","path":"/ping","query":"","ip":"::1","user-agent":"PostmanRuntime/7.28.4","errors":"","cost":0}
{"level":"INFO","time":"2022-04-05T16:23:30.588+0800","caller":"logger/logger.go:82","msg":"/ping","status":200,"method":"GET","path":"/ping","query":"","ip":"::1","user-agent":"PostmanRuntime/7.28.4","errors":"","cost":0}
{"level":"INFO","time":"2022-04-05T16:23:52.394+0800","caller":"logger/logger.go:82","msg":"/ping","status":200,"method":"GET","path":"/ping","query":"","ip":"::1","user-agent":"PostmanRuntime/7.28.4","errors":"","cost":0}
{"level":"INFO","time":"2022-04-05T16:33:40.385+0800","caller":"logger/logger.go:82","msg":"/ping","status":200,"method":"GET","path":"/ping","query":"","ip":"::1","user-agent":"PostmanRuntime/7.28.4","errors":"","cost":0}
{"level":"INFO","time":"2022-04-05T16:33:41.551+0800","caller":"logger/logger.go:82","msg":"/ping","status":200,"method":"GET","path":"/ping","query":"","ip":"::1","user-agent":"PostmanRuntime/7.28.4","errors":"","cost":0}
{"level":"INFO","time":"2022-04-05T16:33:44.334+0800","caller":"logger/logger.go:82","msg":"/ping","status":200,"method":"GET","path":"/ping","query":"","ip":"::1","user-agent":"PostmanRuntime/7.28.4","errors":"","cost":0}
{"level":"INFO","time":"2022-04-05T18:11:06.012+0800","caller":"logger/logger.go:82","msg":"/api/v1/login","status":404,"method":"POST","path":"/api/v1/login","query":"","ip":"::1","user-agent":"Mozilla/5.0 (Windows NT 10.0; Win64; x64) AppleWebKit/537.36 (KHTML, like Gecko) Chrome/100.0.4896.60 Safari/537.36 Edg/100.0.1185.29","errors":"","cost":0}
{"level":"INFO","time":"2022-04-05T18:11:15.012+0800","caller":"logger/logger.go:82","msg":"/api/v1/login","status":404,"method":"POST","path":"/api/v1/login","query":"","ip":"::1","user-agent":"Mozilla/5.0 (Windows NT 10.0; Win64; x64) AppleWebKit/537.36 (KHTML, like Gecko) Chrome/100.0.4896.60 Safari/537.36 Edg/100.0.1185.29","errors":"","cost":0}
{"level":"INFO","time":"2022-04-05T18:11:53.099+0800","caller":"logger/logger.go:82","msg":"/803aaa88fbd0e35ceb53.hot-update.json","status":404,"method":"GET","path":"/803aaa88fbd0e35ceb53.hot-update.json","query":"","ip":"::1","user-agent":"Mozilla/5.0 (Windows NT 10.0; Win64; x64) AppleWebKit/537.36 (KHTML, like Gecko) Chrome/100.0.4896.60 Safari/537.36 Edg/100.0.1185.29","errors":"","cost":0}
{"level":"INFO","time":"2022-04-05T18:11:53.105+0800","caller":"logger/logger.go:82","msg":"/","status":404,"method":"GET","path":"/","query":"","ip":"::1","user-agent":"Mozilla/5.0 (Windows NT 10.0; Win64; x64) AppleWebKit/537.36 (KHTML, like Gecko) Chrome/100.0.4896.60 Safari/537.36 Edg/100.0.1185.29","errors":"","cost":0}
{"level":"INFO","time":"2022-04-05T18:11:53.152+0800","caller":"logger/logger.go:82","msg":"/favicon.ico","status":404,"method":"GET","path":"/favicon.ico","query":"","ip":"::1","user-agent":"Mozilla/5.0 (Windows NT 10.0; Win64; x64) AppleWebKit/537.36 (KHTML, like Gecko) Chrome/100.0.4896.60 Safari/537.36 Edg/100.0.1185.29","errors":"","cost":0}
{"level":"INFO","time":"2022-04-06T10:28:45.468+0800","caller":"logger/logger.go:82","msg":"/main","status":404,"method":"GET","path":"/main","query":"","ip":"::1","user-agent":"Mozilla/5.0 (Windows NT 10.0; Win64; x64) AppleWebKit/537.36 (KHTML, like Gecko) Chrome/100.0.4896.60 Safari/537.36 Edg/100.0.1185.29","errors":"","cost":0}
{"level":"INFO","time":"2022-04-06T10:28:48.990+0800","caller":"logger/logger.go:82","msg":"/","status":404,"method":"GET","path":"/","query":"","ip":"::1","user-agent":"Mozilla/5.0 (Windows NT 10.0; Win64; x64) AppleWebKit/537.36 (KHTML, like Gecko) Chrome/100.0.4896.60 Safari/537.36 Edg/100.0.1185.29","errors":"","cost":0}
{"level":"INFO","time":"2022-04-08T14:16:49.005+0800","caller":"logger/logger.go:82","msg":"/api/v1/posts2","status":404,"method":"GET","path":"/api/v1/posts2","query":"page=1&order=time","ip":"127.0.0.1","user-agent":"Mozilla/5.0 (Windows NT 10.0; Win64; x64) AppleWebKit/537.36 (KHTML, like Gecko) Chrome/100.0.4896.60 Safari/537.36 Edg/100.0.1185.29","errors":"","cost":0}
{"level":"INFO","time":"2022-04-08T14:17:37.653+0800","caller":"logger/logger.go:82","msg":"/api/v1/login","status":404,"method":"POST","path":"/api/v1/login","query":"","ip":"127.0.0.1","user-agent":"Mozilla/5.0 (Windows NT 10.0; Win64; x64) AppleWebKit/537.36 (KHTML, like Gecko) Chrome/100.0.4896.60 Safari/537.36 Edg/100.0.1185.29","errors":"","cost":0}
{"level":"INFO","time":"2022-04-08T15:13:03.350+0800","caller":"logger/logger.go:82","msg":"/ping","status":200,"method":"GET","path":"/ping","query":"","ip":"::1","user-agent":"PostmanRuntime/7.28.4","errors":"","cost":0}
{"level":"ERROR","time":"2022-04-08T15:13:17.163+0800","caller":"controller/community.go:19","msg":"logic.GetCommunityList() failed","error":"missing destination name community_id in *[]*models.Community"}
{"level":"INFO","time":"2022-04-08T15:13:17.164+0800","caller":"logger/logger.go:82","msg":"/api/vi/community","status":200,"method":"GET","path":"/api/vi/community","query":"","ip":"::1","user-agent":"PostmanRuntime/7.28.4","errors":"","cost":0.0180076}
{"level":"ERROR","time":"2022-04-08T15:13:44.356+0800","caller":"controller/community.go:19","msg":"logic.GetCommunityList() failed","error":"missing destination name community_id in *[]*models.Community"}
{"level":"INFO","time":"2022-04-08T15:13:44.356+0800","caller":"logger/logger.go:82","msg":"/api/vi/community","status":200,"method":"GET","path":"/api/vi/community","query":"","ip":"::1","user-agent":"PostmanRuntime/7.28.4","errors":"","cost":0.0172523}
{"level":"ERROR","time":"2022-04-08T15:14:28.067+0800","caller":"controller/community.go:19","msg":"logic.GetCommunityList() failed","error":"missing destination name community_name in *[]*models.Community"}
{"level":"INFO","time":"2022-04-08T15:14:28.068+0800","caller":"logger/logger.go:82","msg":"/api/vi/community","status":200,"method":"GET","path":"/api/vi/community","query":"","ip":"::1","user-agent":"PostmanRuntime/7.28.4","errors":"","cost":0.0229633}
{"level":"INFO","time":"2022-04-08T15:14:48.639+0800","caller":"logger/logger.go:82","msg":"/api/vi/community","status":200,"method":"GET","path":"/api/vi/community","query":"","ip":"::1","user-agent":"PostmanRuntime/7.28.4","errors":"","cost":0.0188301}
{"level":"INFO","time":"2022-04-08T15:21:44.877+0800","caller":"logger/logger.go:82","msg":"/api/vi/community","status":200,"method":"GET","path":"/api/vi/community","query":"","ip":"::1","user-agent":"PostmanRuntime/7.28.4","errors":"","cost":0.0167176}
{"level":"INFO","time":"2022-04-08T15:21:47.771+0800","caller":"logger/logger.go:82","msg":"/api/vi/community","status":200,"method":"GET","path":"/api/vi/community","query":"","ip":"::1","user-agent":"PostmanRuntime/7.28.4","errors":"","cost":0.0157154}
{"level":"INFO","time":"2022-04-08T16:00:43.694+0800","caller":"logger/logger.go:82","msg":"/api/vi/community","status":200,"method":"GET","path":"/api/vi/community","query":"","ip":"::1","user-agent":"PostmanRuntime/7.28.4","errors":"","cost":0.0162222}
{"level":"INFO","time":"2022-04-08T16:00:47.161+0800","caller":"logger/logger.go:82","msg":"/api/vi/community/1","status":200,"method":"GET","path":"/api/vi/community/1","query":"","ip":"::1","user-agent":"PostmanRuntime/7.28.4","errors":"","cost":0.0337545}
{"level":"INFO","time":"2022-04-08T16:02:23.805+0800","caller":"mysql/community.go:34","msg":"data","data":null}
{"level":"INFO","time":"2022-04-08T16:02:23.805+0800","caller":"logger/logger.go:82","msg":"/api/vi/community/1","status":200,"method":"GET","path":"/api/vi/community/1","query":"","ip":"::1","user-agent":"PostmanRuntime/7.28.4","errors":"","cost":0.036698}
{"level":"INFO","time":"2022-04-08T16:03:25.866+0800","caller":"mysql/community.go:34","msg":"data","data":null}
{"level":"INFO","time":"2022-04-08T16:03:25.867+0800","caller":"logger/logger.go:82","msg":"/api/vi/community/1","status":200,"method":"GET","path":"/api/vi/community/1","query":"","ip":"::1","user-agent":"PostmanRuntime/7.28.4","errors":"","cost":0.0380082}
{"level":"INFO","time":"2022-04-08T16:07:34.315+0800","caller":"mysql/community.go:34","msg":"data","data":null}
{"level":"INFO","time":"2022-04-08T16:07:34.315+0800","caller":"logger/logger.go:82","msg":"/api/vi/community/1","status":200,"method":"GET","path":"/api/vi/community/1","query":"","ip":"::1","user-agent":"PostmanRuntime/7.28.4","errors":"","cost":0.0439637}
{"level":"INFO","time":"2022-04-08T16:08:30.309+0800","caller":"mysql/community.go:34","msg":"data","data":null}
{"level":"ERROR","time":"2022-04-08T16:08:30.310+0800","caller":"mysql/community.go:35","msg":"data"}
{"level":"INFO","time":"2022-04-08T16:08:30.310+0800","caller":"logger/logger.go:82","msg":"/api/vi/community/1","status":200,"method":"GET","path":"/api/vi/community/1","query":"","ip":"::1","user-agent":"PostmanRuntime/7.28.4","errors":"","cost":0.0431644}
{"level":"INFO","time":"2022-04-08T16:09:13.483+0800","caller":"mysql/community.go:35","msg":"data","data":{"id":0,"name":"","create_time":"0001-01-01T00:00:00Z"}}
{"level":"ERROR","time":"2022-04-08T16:09:13.484+0800","caller":"mysql/community.go:36","msg":"data"}
{"level":"INFO","time":"2022-04-08T16:09:13.484+0800","caller":"logger/logger.go:82","msg":"/api/vi/community/1","status":200,"method":"GET","path":"/api/vi/community/1","query":"","ip":"::1","user-agent":"PostmanRuntime/7.28.4","errors":"","cost":0.0357983}
{"level":"INFO","time":"2022-04-08T16:09:45.643+0800","caller":"mysql/community.go:35","msg":"data","data":{"id":0,"name":"","create_time":"0001-01-01T00:00:00Z"}}
{"level":"ERROR","time":"2022-04-08T16:09:45.643+0800","caller":"mysql/community.go:36","msg":"data"}
{"level":"INFO","time":"2022-04-08T16:09:45.643+0800","caller":"logger/logger.go:82","msg":"/api/vi/community/2","status":200,"method":"GET","path":"/api/vi/community/2","query":"","ip":"::1","user-agent":"PostmanRuntime/7.28.4","errors":"","cost":0.0332774}
{"level":"INFO","time":"2022-04-08T16:10:30.500+0800","caller":"logger/logger.go:82","msg":"/api/vi/community","status":200,"method":"GET","path":"/api/vi/community","query":"","ip":"::1","user-agent":"PostmanRuntime/7.28.4","errors":"","cost":0.0170085}
{"level":"INFO","time":"2022-04-08T16:10:36.334+0800","caller":"mysql/community.go:35","msg":"data","data":{"id":0,"name":"","create_time":"0001-01-01T00:00:00Z"}}
{"level":"ERROR","time":"2022-04-08T16:10:36.334+0800","caller":"mysql/community.go:36","msg":"data"}
{"level":"INFO","time":"2022-04-08T16:10:36.334+0800","caller":"logger/logger.go:82","msg":"/api/vi/community/2","status":200,"method":"GET","path":"/api/vi/community/2","query":"","ip":"::1","user-agent":"PostmanRuntime/7.28.4","errors":"","cost":0.0342342}
{"level":"INFO","time":"2022-04-08T16:12:54.083+0800","caller":"mysql/community.go:35","msg":"data","data":{"id":0,"name":"","create_time":"0001-01-01T00:00:00Z"}}
{"level":"ERROR","time":"2022-04-08T16:12:54.084+0800","caller":"mysql/community.go:36","msg":"data"}
{"level":"INFO","time":"2022-04-08T16:12:54.084+0800","caller":"logger/logger.go:82","msg":"/api/vi/community/2","status":200,"method":"GET","path":"/api/vi/community/2","query":"","ip":"::1","user-agent":"PostmanRuntime/7.28.4","errors":"","cost":0.0211594}
{"level":"INFO","time":"2022-04-08T16:17:30.553+0800","caller":"mysql/community.go:35","msg":"data","data":{"id":0,"name":"","create_time":"0001-01-01T00:00:00Z"}}
{"level":"ERROR","time":"2022-04-08T16:17:30.554+0800","caller":"mysql/community.go:36","msg":"data","error":"missing destination name introduction in *models.CommunityDetail"}
{"level":"ERROR","time":"2022-04-08T16:17:30.554+0800","caller":"controller/community.go:38","msg":"logic.GetCommunityList() failed","error":"missing destination name introduction in *models.CommunityDetail"}
{"level":"INFO","time":"2022-04-08T16:17:30.554+0800","caller":"logger/logger.go:82","msg":"/api/vi/community/2","status":200,"method":"GET","path":"/api/vi/community/2","query":"","ip":"::1","user-agent":"PostmanRuntime/7.28.4","errors":"","cost":0.018004}
{"level":"INFO","time":"2022-04-08T16:18:53.975+0800","caller":"mysql/community.go:35","msg":"data","data":{"id":0,"name":"","introduction":"","create_time":"0001-01-01T00:00:00Z"}}
{"level":"ERROR","time":"2022-04-08T16:18:53.976+0800","caller":"mysql/community.go:36","msg":"data","error":"missing destination name introduction in *models.CommunityDetail"}
{"level":"ERROR","time":"2022-04-08T16:18:53.976+0800","caller":"controller/community.go:38","msg":"logic.GetCommunityList() failed","error":"missing destination name introduction in *models.CommunityDetail"}
{"level":"INFO","time":"2022-04-08T16:18:53.977+0800","caller":"logger/logger.go:82","msg":"/api/vi/community/2","status":200,"method":"GET","path":"/api/vi/community/2","query":"","ip":"::1","user-agent":"PostmanRuntime/7.28.4","errors":"","cost":0.0170031}
{"level":"INFO","time":"2022-04-08T16:19:50.346+0800","caller":"mysql/community.go:35","msg":"data","data":{"id":0,"name":"","create_time":"0001-01-01T00:00:00Z"}}
{"level":"ERROR","time":"2022-04-08T16:19:50.347+0800","caller":"mysql/community.go:36","msg":"data","error":"missing destination name introduction in *models.CommunityDetail"}
{"level":"ERROR","time":"2022-04-08T16:19:50.347+0800","caller":"controller/community.go:38","msg":"logic.GetCommunityList() failed","error":"missing destination name introduction in *models.CommunityDetail"}
{"level":"INFO","time":"2022-04-08T16:19:50.347+0800","caller":"logger/logger.go:82","msg":"/api/vi/community/2","status":200,"method":"GET","path":"/api/vi/community/2","query":"","ip":"::1","user-agent":"PostmanRuntime/7.28.4","errors":"","cost":0.0200073}
{"level":"INFO","time":"2022-04-08T16:21:43.462+0800","caller":"mysql/community.go:35","msg":"data","data":{"id":0,"name":"","create_time":"0001-01-01T00:00:00Z"}}
{"level":"ERROR","time":"2022-04-08T16:21:43.462+0800","caller":"mysql/community.go:36","msg":"data","error":"sql: expected 0 arguments, got 1"}
{"level":"ERROR","time":"2022-04-08T16:21:43.463+0800","caller":"controller/community.go:38","msg":"logic.GetCommunityList() failed","error":"sql: expected 0 arguments, got 1"}
{"level":"INFO","time":"2022-04-08T16:21:43.463+0800","caller":"logger/logger.go:82","msg":"/api/vi/community/2","status":200,"method":"GET","path":"/api/vi/community/2","query":"","ip":"::1","user-agent":"PostmanRuntime/7.28.4","errors":"","cost":0.0200047}
{"level":"INFO","time":"2022-04-08T16:22:02.861+0800","caller":"mysql/community.go:35","msg":"data","data":{"id":0,"name":"","create_time":"0001-01-01T00:00:00Z"}}
{"level":"ERROR","time":"2022-04-08T16:22:02.862+0800","caller":"mysql/community.go:36","msg":"data","error":"missing destination name introduction in *models.CommunityDetail"}
{"level":"ERROR","time":"2022-04-08T16:22:02.862+0800","caller":"controller/community.go:38","msg":"logic.GetCommunityList() failed","error":"missing destination name introduction in *models.CommunityDetail"}
{"level":"INFO","time":"2022-04-08T16:22:02.862+0800","caller":"logger/logger.go:82","msg":"/api/vi/community/2","status":200,"method":"GET","path":"/api/vi/community/2","query":"","ip":"::1","user-agent":"PostmanRuntime/7.28.4","errors":"","cost":0.0349031}
{"level":"INFO","time":"2022-04-08T16:22:29.361+0800","caller":"mysql/community.go:35","msg":"data","data":{"id":1,"name":"Go","introduction":"Golang","create_time":"2016-11-01T08:10:10+08:00"}}
{"level":"ERROR","time":"2022-04-08T16:22:29.362+0800","caller":"mysql/community.go:36","msg":"data"}
{"level":"INFO","time":"2022-04-08T16:22:29.362+0800","caller":"logger/logger.go:82","msg":"/api/vi/community/2","status":200,"method":"GET","path":"/api/vi/community/2","query":"","ip":"::1","user-agent":"PostmanRuntime/7.28.4","errors":"","cost":0.039907}
{"level":"INFO","time":"2022-04-08T17:05:49.167+0800","caller":"logger/logger.go:82","msg":"/api/vi/post","status":404,"method":"POST","path":"/api/vi/post","query":"","ip":"::1","user-agent":"PostmanRuntime/7.28.4","errors":"","cost":0}
{"level":"ERROR","time":"2022-04-08T17:05:56.042+0800","caller":"controller/post.go:21","msg":"error","error":"Key: 'Post.community_id' Error:Field validation for 'community_id' failed on the 'required' tag\nKey: 'Post.title' Error:Field validation for 'title' failed on the 'required' tag\nKey: 'Post.content' Error:Field validation for 'content' failed on the 'required' tag"}
{"level":"INFO","time":"2022-04-08T17:05:56.043+0800","caller":"logger/logger.go:82","msg":"/api/vi/post","status":200,"method":"POST","path":"/api/vi/post","query":"","ip":"::1","user-agent":"PostmanRuntime/7.28.4","errors":"","cost":0.0009999}
{"level":"ERROR","time":"2022-04-08T17:07:44.942+0800","caller":"controller/post.go:21","msg":"error","error":"Key: 'Post.community_id' Error:Field validation for 'community_id' failed on the 'required' tag\nKey: 'Post.title' Error:Field validation for 'title' failed on the 'required' tag\nKey: 'Post.content' Error:Field validation for 'content' failed on the 'required' tag"}
{"level":"INFO","time":"2022-04-08T17:07:44.943+0800","caller":"logger/logger.go:82","msg":"/api/vi/post","status":200,"method":"POST","path":"/api/vi/post","query":"","ip":"::1","user-agent":"PostmanRuntime/7.28.4","errors":"","cost":0.0010006}
{"level":"INFO","time":"2022-04-08T17:09:53.335+0800","caller":"logger/logger.go:82","msg":"/login","status":404,"method":"POST","path":"/login","query":"","ip":"::1","user-agent":"PostmanRuntime/7.28.4","errors":"","cost":0}
{"level":"INFO","time":"2022-04-08T17:10:27.194+0800","caller":"logger/logger.go:82","msg":"/api/vi/login","status":200,"method":"POST","path":"/api/vi/login","query":"","ip":"::1","user-agent":"PostmanRuntime/7.28.4","errors":"","cost":0.0420089}
{"level":"ERROR","time":"2022-04-08T17:20:31.179+0800","caller":"controller/post.go:21","msg":"error","error":"json: cannot unmarshal string into Go struct field Post.community_id of type int64"}
{"level":"INFO","time":"2022-04-08T17:20:31.179+0800","caller":"logger/logger.go:82","msg":"/api/v1/post","status":200,"method":"POST","path":"/api/v1/post","query":"","ip":"::1","user-agent":"PostmanRuntime/7.28.4","errors":"","cost":0.0010001}
{"level":"INFO","time":"2022-04-08T17:20:48.277+0800","caller":"logger/logger.go:82","msg":"/api/v1/post","status":200,"method":"POST","path":"/api/v1/post","query":"","ip":"::1","user-agent":"PostmanRuntime/7.28.4","errors":"","cost":0}
{"level":"INFO","time":"2022-04-08T17:22:39.374+0800","caller":"logger/logger.go:82","msg":"/api/vi/login","status":404,"method":"POST","path":"/api/vi/login","query":"","ip":"::1","user-agent":"PostmanRuntime/7.28.4","errors":"","cost":0}
{"level":"INFO","time":"2022-04-08T17:22:44.609+0800","caller":"logger/logger.go:82","msg":"/api/v1/login","status":200,"method":"POST","path":"/api/v1/login","query":"","ip":"::1","user-agent":"PostmanRuntime/7.28.4","errors":"","cost":0.038642}
{"level":"INFO","time":"2022-04-08T17:22:56.958+0800","caller":"logger/logger.go:82","msg":"/api/v1/post","status":200,"method":"POST","path":"/api/v1/post","query":"","ip":"::1","user-agent":"PostmanRuntime/7.28.4","errors":"","cost":0}
{"level":"INFO","time":"2022-04-08T17:22:58.567+0800","caller":"logger/logger.go:82","msg":"/api/v1/post","status":200,"method":"POST","path":"/api/v1/post","query":"","ip":"::1","user-agent":"PostmanRuntime/7.28.4","errors":"","cost":0}
{"level":"INFO","time":"2022-04-08T17:22:59.281+0800","caller":"logger/logger.go:82","msg":"/api/v1/post","status":200,"method":"POST","path":"/api/v1/post","query":"","ip":"::1","user-agent":"PostmanRuntime/7.28.4","errors":"","cost":0}
{"level":"INFO","time":"2022-04-08T17:24:58.302+0800","caller":"logger/logger.go:82","msg":"/api/v1/post","status":200,"method":"POST","path":"/api/v1/post","query":"","ip":"::1","user-agent":"PostmanRuntime/7.28.4","errors":"","cost":0}
{"level":"INFO","time":"2022-04-08T17:25:05.125+0800","caller":"logger/logger.go:82","msg":"/api/v1/login","status":200,"method":"POST","path":"/api/v1/login","query":"","ip":"::1","user-agent":"PostmanRuntime/7.28.4","errors":"","cost":0.0378677}
{"level":"INFO","time":"2022-04-08T17:25:19.347+0800","caller":"logger/logger.go:82","msg":"/api/v1/post","status":200,"method":"POST","path":"/api/v1/post","query":"","ip":"::1","user-agent":"PostmanRuntime/7.28.4","errors":"","cost":0}
{"level":"INFO","time":"2022-04-08T17:25:20.295+0800","caller":"logger/logger.go:82","msg":"/api/v1/post","status":200,"method":"POST","path":"/api/v1/post","query":"","ip":"::1","user-agent":"PostmanRuntime/7.28.4","errors":"","cost":0.0010007}
{"level":"INFO","time":"2022-04-08T17:25:39.458+0800","caller":"logger/logger.go:82","msg":"/api/v1/post","status":200,"method":"POST","path":"/api/v1/post","query":"","ip":"::1","user-agent":"PostmanRuntime/7.28.4","errors":"","cost":0}
{"level":"INFO","time":"2022-04-08T17:26:42.127+0800","caller":"logger/logger.go:82","msg":"/api/v1/login","status":200,"method":"POST","path":"/api/v1/login","query":"","ip":"::1","user-agent":"PostmanRuntime/7.28.4","errors":"","cost":0.0383269}
{"level":"INFO","time":"2022-04-08T17:26:46.061+0800","caller":"logger/logger.go:82","msg":"/api/v1/login","status":200,"method":"POST","path":"/api/v1/login","query":"","ip":"::1","user-agent":"PostmanRuntime/7.28.4","errors":"","cost":0.0382248}
{"level":"INFO","time":"2022-04-08T17:27:03.389+0800","caller":"logger/logger.go:82","msg":"/api/v1/post","status":200,"method":"POST","path":"/api/v1/post","query":"","ip":"::1","user-agent":"PostmanRuntime/7.28.4","errors":"","cost":0}
{"level":"INFO","time":"2022-04-08T17:27:33.768+0800","caller":"logger/logger.go:82","msg":"/ping","status":404,"method":"POST","path":"/ping","query":"","ip":"::1","user-agent":"PostmanRuntime/7.28.4","errors":"","cost":0}
{"level":"INFO","time":"2022-04-08T17:27:46.860+0800","caller":"logger/logger.go:82","msg":"/ping","status":404,"method":"POST","path":"/ping","query":"","ip":"::1","user-agent":"PostmanRuntime/7.28.4","errors":"","cost":0}
{"level":"INFO","time":"2022-04-08T17:28:08.982+0800","caller":"logger/logger.go:82","msg":"/ping","status":404,"method":"POST","path":"/ping","query":"","ip":"::1","user-agent":"PostmanRuntime/7.28.4","errors":"","cost":0}
{"level":"INFO","time":"2022-04-08T17:28:10.121+0800","caller":"logger/logger.go:82","msg":"/ping","status":404,"method":"POST","path":"/ping","query":"","ip":"::1","user-agent":"PostmanRuntime/7.28.4","errors":"","cost":0}
{"level":"INFO","time":"2022-04-08T17:30:30.259+0800","caller":"logger/logger.go:82","msg":"/ping","status":200,"method":"GET","path":"/ping","query":"","ip":"::1","user-agent":"PostmanRuntime/7.28.4","errors":"","cost":0}
{"level":"INFO","time":"2022-04-08T17:30:40.723+0800","caller":"logger/logger.go:82","msg":"/api/v1/login","status":200,"method":"POST","path":"/api/v1/login","query":"","ip":"::1","user-agent":"PostmanRuntime/7.28.4","errors":"","cost":0.0384589}
{"level":"INFO","time":"2022-04-08T17:30:42.827+0800","caller":"logger/logger.go:82","msg":"/api/v1/login","status":200,"method":"POST","path":"/api/v1/login","query":"","ip":"::1","user-agent":"PostmanRuntime/7.28.4","errors":"","cost":0.0400082}
{"level":"INFO","time":"2022-04-08T17:30:43.678+0800","caller":"logger/logger.go:82","msg":"/api/v1/login","status":200,"method":"POST","path":"/api/v1/login","query":"","ip":"::1","user-agent":"PostmanRuntime/7.28.4","errors":"","cost":0.0380756}
{"level":"INFO","time":"2022-04-08T17:30:44.202+0800","caller":"logger/logger.go:82","msg":"/api/v1/login","status":200,"method":"POST","path":"/api/v1/login","query":"","ip":"::1","user-agent":"PostmanRuntime/7.28.4","errors":"","cost":0.0386163}
{"level":"INFO","time":"2022-04-08T17:30:46.441+0800","caller":"logger/logger.go:82","msg":"/api/v1/login","status":200,"method":"POST","path":"/api/v1/login","query":"","ip":"::1","user-agent":"PostmanRuntime/7.28.4","errors":"","cost":0.0381575}
{"level":"INFO","time":"2022-04-08T17:31:00.359+0800","caller":"logger/logger.go:82","msg":"/ping","status":200,"method":"GET","path":"/ping","query":"","ip":"::1","user-agent":"PostmanRuntime/7.28.4","errors":"","cost":0}
{"level":"INFO","time":"2022-04-08T17:35:26.317+0800","caller":"logger/logger.go:82","msg":"/api/v1/login","status":200,"method":"POST","path":"/api/v1/login","query":"","ip":"::1","user-agent":"PostmanRuntime/7.28.4","errors":"","cost":0.0371034}
{"level":"INFO","time":"2022-04-08T17:35:38.796+0800","caller":"logger/logger.go:82","msg":"/ping","status":200,"method":"GET","path":"/ping","query":"","ip":"::1","user-agent":"PostmanRuntime/7.28.4","errors":"","cost":0}
{"level":"INFO","time":"2022-04-08T17:35:46.581+0800","caller":"logger/logger.go:82","msg":"/ping","status":200,"method":"GET","path":"/ping","query":"","ip":"::1","user-agent":"PostmanRuntime/7.28.4","errors":"","cost":0}
{"level":"INFO","time":"2022-04-08T17:36:56.173+0800","caller":"logger/logger.go:82","msg":"/api/v1/login","status":200,"method":"POST","path":"/api/v1/login","query":"","ip":"::1","user-agent":"PostmanRuntime/7.28.4","errors":"","cost":0.0386959}
{"level":"INFO","time":"2022-04-08T17:37:05.619+0800","caller":"logger/logger.go:82","msg":"/ping","status":200,"method":"GET","path":"/ping","query":"","ip":"::1","user-agent":"PostmanRuntime/7.28.4","errors":"","cost":0}
{"level":"INFO","time":"2022-04-08T17:39:03.283+0800","caller":"logger/logger.go:82","msg":"/ping","status":200,"method":"GET","path":"/ping","query":"","ip":"::1","user-agent":"PostmanRuntime/7.28.4","errors":"","cost":0}
{"level":"ERROR","time":"2022-04-08T17:40:24.519+0800","caller":"middlewares/auth.go:36","msg":"error","error":"token is expired by 3m28s"}
{"level":"INFO","time":"2022-04-08T17:40:24.520+0800","caller":"logger/logger.go:82","msg":"/ping","status":200,"method":"GET","path":"/ping","query":"","ip":"::1","user-agent":"PostmanRuntime/7.28.4","errors":"","cost":0.0009995}
{"level":"ERROR","time":"2022-04-08T17:40:37.088+0800","caller":"middlewares/auth.go:36","msg":"error","error":"token is expired by 3m41s"}
{"level":"INFO","time":"2022-04-08T17:40:37.089+0800","caller":"logger/logger.go:82","msg":"/ping","status":200,"method":"GET","path":"/ping","query":"","ip":"::1","user-agent":"PostmanRuntime/7.28.4","errors":"","cost":0.0010011}
{"level":"INFO","time":"2022-04-08T17:41:51.894+0800","caller":"logger/logger.go:82","msg":"/api/v1/login","status":200,"method":"POST","path":"/api/v1/login","query":"","ip":"::1","user-agent":"PostmanRuntime/7.28.4","errors":"","cost":0.0390101}
{"level":"INFO","time":"2022-04-08T17:41:58.153+0800","caller":"logger/logger.go:82","msg":"/api/v1/login","status":200,"method":"POST","path":"/api/v1/login","query":"","ip":"::1","user-agent":"PostmanRuntime/7.28.4","errors":"","cost":0.0381635}
{"level":"INFO","time":"2022-04-08T17:42:30.068+0800","caller":"logger/logger.go:82","msg":"/api/v1/login","status":200,"method":"POST","path":"/api/v1/login","query":"","ip":"::1","user-agent":"PostmanRuntime/7.28.4","errors":"","cost":0.0380287}
{"level":"INFO","time":"2022-04-08T17:43:50.157+0800","caller":"logger/logger.go:82","msg":"/api/v1/login","status":200,"method":"POST","path":"/api/v1/login","query":"","ip":"::1","user-agent":"PostmanRuntime/7.28.4","errors":"","cost":0.0399973}
{"level":"INFO","time":"2022-04-08T17:44:13.318+0800","caller":"logger/logger.go:82","msg":"/api/v1/login","status":200,"method":"POST","path":"/api/v1/login","query":"","ip":"::1","user-agent":"PostmanRuntime/7.28.4","errors":"","cost":0.0361845}
{"level":"INFO","time":"2022-04-08T17:48:23.452+0800","caller":"logger/logger.go:82","msg":"/api/v1/login","status":200,"method":"POST","path":"/api/v1/login","query":"","ip":"::1","user-agent":"PostmanRuntime/7.28.4","errors":"","cost":0.0462287}
{"level":"INFO","time":"2022-04-08T17:53:30.081+0800","caller":"logger/logger.go:82","msg":"/api/v1/login","status":200,"method":"POST","path":"/api/v1/login","query":"","ip":"::1","user-agent":"PostmanRuntime/7.28.4","errors":"","cost":0.0339663}
{"level":"INFO","time":"2022-04-08T17:53:39.381+0800","caller":"logger/logger.go:82","msg":"/ping","status":200,"method":"GET","path":"/ping","query":"","ip":"::1","user-agent":"PostmanRuntime/7.28.4","errors":"","cost":0}
{"level":"INFO","time":"2022-04-08T17:53:42.211+0800","caller":"logger/logger.go:82","msg":"/ping","status":200,"method":"GET","path":"/ping","query":"","ip":"::1","user-agent":"PostmanRuntime/7.28.4","errors":"","cost":0.0010003}
{"level":"INFO","time":"2022-04-08T17:53:47.410+0800","caller":"logger/logger.go:82","msg":"/api/v1/login","status":200,"method":"POST","path":"/api/v1/login","query":"","ip":"::1","user-agent":"PostmanRuntime/7.28.4","errors":"","cost":0.0398594}
{"level":"INFO","time":"2022-04-08T17:53:49.538+0800","caller":"logger/logger.go:82","msg":"/ping","status":200,"method":"GET","path":"/ping","query":"","ip":"::1","user-agent":"PostmanRuntime/7.28.4","errors":"","cost":0}
{"level":"INFO","time":"2022-04-08T17:53:50.333+0800","caller":"logger/logger.go:82","msg":"/ping","status":200,"method":"GET","path":"/ping","query":"","ip":"::1","user-agent":"PostmanRuntime/7.28.4","errors":"","cost":0}
{"level":"INFO","time":"2022-04-08T17:53:57.709+0800","caller":"logger/logger.go:82","msg":"/api/v1/login","status":200,"method":"POST","path":"/api/v1/login","query":"","ip":"::1","user-agent":"PostmanRuntime/7.28.4","errors":"","cost":0.0324383}
{"level":"INFO","time":"2022-04-08T17:54:00.868+0800","caller":"logger/logger.go:82","msg":"/api/v1/login","status":200,"method":"POST","path":"/api/v1/login","query":"","ip":"::1","user-agent":"PostmanRuntime/7.28.4","errors":"","cost":0.0321935}
{"level":"INFO","time":"2022-04-08T17:54:06.045+0800","caller":"logger/logger.go:82","msg":"/ping","status":200,"method":"GET","path":"/ping","query":"","ip":"::1","user-agent":"PostmanRuntime/7.28.4","errors":"","cost":0}
{"level":"ERROR","time":"2022-04-08T17:54:16.449+0800","caller":"middlewares/auth.go:33","msg":"error","error":"token is expired by 27m30s"}
{"level":"INFO","time":"2022-04-08T17:54:16.449+0800","caller":"logger/logger.go:82","msg":"/api/v1/post","status":200,"method":"POST","path":"/api/v1/post","query":"","ip":"::1","user-agent":"PostmanRuntime/7.28.4","errors":"","cost":0}
{"level":"INFO","time":"2022-04-08T17:54:19.486+0800","caller":"logger/logger.go:82","msg":"/api/v1/post","status":200,"method":"POST","path":"/api/v1/post","query":"","ip":"::1","user-agent":"PostmanRuntime/7.28.4","errors":"","cost":0.0343379}
{"level":"INFO","time":"2022-04-08T17:59:24.841+0800","caller":"logger/logger.go:82","msg":"/genid","status":200,"method":"GET","path":"/genid","query":"","ip":"::1","user-agent":"PostmanRuntime/7.28.4","errors":"","cost":0.0009998}
{"level":"INFO","time":"2022-04-08T19:13:39.421+0800","caller":"logger/logger.go:82","msg":"/api/v1/post/0","status":200,"method":"GET","path":"/api/v1/post/0","query":"","ip":"::1","user-agent":"PostmanRuntime/7.28.4","errors":"","cost":0}
{"level":"INFO","time":"2022-04-08T19:13:49.441+0800","caller":"logger/logger.go:82","msg":"/api/v1/post/0","status":200,"method":"GET","path":"/api/v1/post/0","query":"","ip":"::1","user-agent":"PostmanRuntime/7.28.4","errors":"","cost":0.0372862}
{"level":"INFO","time":"2022-04-08T19:16:14.899+0800","caller":"logger/logger.go:82","msg":"/api/v1/post/0","status":200,"method":"GET","path":"/api/v1/post/0","query":"","ip":"::1","user-agent":"PostmanRuntime/7.28.4","errors":"","cost":0.0502763}
{"level":"INFO","time":"2022-04-08T19:22:52.462+0800","caller":"logger/logger.go:82","msg":"/api/v1/post/35302470435475456","status":200,"method":"GET","path":"/api/v1/post/35302470435475456","query":"","ip":"::1","user-agent":"PostmanRuntime/7.28.4","errors":"","cost":0.0373425}
{"level":"INFO","time":"2022-04-08T19:50:34.094+0800","caller":"logger/logger.go:82","msg":"/api/v1/post/35302470435475456","status":200,"method":"GET","path":"/api/v1/post/35302470435475456","query":"","ip":"::1","user-agent":"PostmanRuntime/7.28.4","errors":"","cost":0.1028668}
{"level":"INFO","time":"2022-04-08T20:11:44.669+0800","caller":"logger/logger.go:82","msg":"/api/v1/posts/","status":200,"method":"GET","path":"/api/v1/posts/","query":"","ip":"::1","user-agent":"PostmanRuntime/7.28.4","errors":"","cost":0}
{"level":"INFO","time":"2022-04-08T20:11:55.349+0800","caller":"logger/logger.go:82","msg":"/api/v1/posts/","status":200,"method":"GET","path":"/api/v1/posts/","query":"","ip":"::1","user-agent":"PostmanRuntime/7.28.4","errors":"","cost":0.0383014}
{"level":"INFO","time":"2022-04-08T20:12:31.958+0800","caller":"logger/logger.go:82","msg":"/api/v1/post","status":200,"method":"POST","path":"/api/v1/post","query":"","ip":"::1","user-agent":"PostmanRuntime/7.28.4","errors":"","cost":0.03766}
{"level":"INFO","time":"2022-04-08T20:12:34.357+0800","caller":"logger/logger.go:82","msg":"/api/v1/posts/","status":200,"method":"GET","path":"/api/v1/posts/","query":"","ip":"::1","user-agent":"PostmanRuntime/7.28.4","errors":"","cost":0.037008}
{"level":"ERROR","time":"2022-04-08T20:13:54.323+0800","caller":"logic/post.go:28","msg":"mysql.GetPostById(pid) failed","pid":35302470435475456,"error":"nil pointer passed to StructScan destination"}
{"level":"INFO","time":"2022-04-08T20:13:54.324+0800","caller":"logger/logger.go:82","msg":"/api/v1/post/35302470435475456","status":200,"method":"GET","path":"/api/v1/post/35302470435475456","query":"","ip":"::1","user-agent":"PostmanRuntime/7.28.4","errors":"","cost":0.0386729}
{"level":"INFO","time":"2022-04-08T20:14:02.485+0800","caller":"logger/logger.go:82","msg":"/api/v1/posts/","status":200,"method":"GET","path":"/api/v1/posts/","query":"","ip":"::1","user-agent":"PostmanRuntime/7.28.4","errors":"","cost":0.0359909}
{"level":"INFO","time":"2022-04-08T20:14:16.214+0800","caller":"logger/logger.go:82","msg":"/api/v1/post/35302470435475456","status":200,"method":"GET","path":"/api/v1/post/35302470435475456","query":"","ip":"::1","user-agent":"PostmanRuntime/7.28.4","errors":"","cost":0.1095749}
